<?xml version="1.0" encoding="UTF-8"?>
<!-- Generated by org.testng.reporters.JUnitReportReporter -->
<testsuite skipped="0" hostname="dev-PC" name="BaseTest.TestClass01" tests="1" failures="0" timestamp="12 Mar 2019 16:37:37 GMT" time="4.410" errors="0">
  <testcase name="Initialization" time="4.410" classname="BaseTest.TestClass01"/>
</testsuite> <!-- BaseTest.TestClass01 -->
