<?xml version="1.0" encoding="UTF-8"?>
<!-- Generated by org.testng.reporters.JUnitReportReporter -->
<testsuite skipped="0" hostname="dev-PC" name="BaseTest.MainTest" tests="1" failures="0" timestamp="06 Mar 2019 11:13:21 GMT" time="2.253" errors="0">
  <testcase name="Initialization" time="2.253" classname="BaseTest.MainTest"/>
</testsuite> <!-- BaseTest.MainTest -->
