<?xml version="1.0" encoding="UTF-8"?>
<!-- Generated by org.testng.reporters.JUnitReportReporter -->
<testsuite skipped="0" hostname="dev-PC" name="BaseTest.ExcelMethods" tests="1" failures="0" timestamp="01 Mar 2019 19:04:35 GMT" time="0.866" errors="0">
  <testcase name="Initialization" time="0.866" classname="BaseTest.ExcelMethods"/>
</testsuite> <!-- BaseTest.ExcelMethods -->
