<?xml version="1.0" encoding="UTF-8"?>
<!-- Generated by org.testng.reporters.JUnitReportReporter -->
<testsuite skipped="0" hostname="dev-PC" name="BaseTest.ExcelMethods" tests="1" failures="0" timestamp="09 Mar 2019 18:47:37 GMT" time="3.118" errors="0">
  <testcase name="Initialization" time="3.118" classname="BaseTest.ExcelMethods"/>
</testsuite> <!-- BaseTest.ExcelMethods -->
