<?xml version="1.0" encoding="UTF-8"?>
<!-- Generated by org.testng.reporters.JUnitReportReporter -->
<testsuite skipped="0" hostname="dev-PC" name="BaseTest.TestClass01" tests="1" failures="0" timestamp="03 Apr 2019 16:33:00 GMT" time="1.981" errors="0">
  <testcase name="Initialization" time="1.981" classname="BaseTest.TestClass01"/>
</testsuite> <!-- BaseTest.TestClass01 -->
